2024-11-15 00:42:41,839 - INFO - \u0417\u0430\u043f\u0443\u0441\u043a \u043f\u0440\u043e\u0446\u0435\u0441\u0441\u0430 \u0441 1 \u043f\u043e\u0442\u043e\u043a\u0430\u043c\u0438
2024-11-15 00:42:41,840 - INFO - \u0417\u0430\u0433\u0440\u0443\u0436\u0435\u043d\u043e 2163 URL, 61 \u0441\u043e\u043e\u0431\u0449\u0435\u043d\u0438\u0439 \u0438 2 \u043f\u0440\u043e\u043a\u0441\u0438
2024-11-15 00:42:46,325 - INFO - \u0421\u043e\u0437\u0434\u0430\u043d \u0434\u0440\u0430\u0439\u0432\u0435\u0440 \u0441 User-Agent: Mozilla/5.0 (iPhone; CPU iPhone OS 17_1 like Mac OS X) AppleWebKit/605.1.15 (KHTML, like Gecko) EdgiOS/120.0.2210.86 Version/17.0 Mobile/15E148 Safari/604.1, GeoLocation: (lat: -43.83360903479141, lon: 154.66043630080225)
2024-11-15 00:42:46,340 - INFO - \u0418\u0441\u043f\u043e\u043b\u044c\u0437\u0443\u0435\u043c \u043f\u0440\u043e\u043a\u0441\u0438: BTamDtp:Peb5bQy@79.143.19.35:26755, User-Agent: Mozilla/5.0 (iPhone; CPU iPhone OS 17_1 like Mac OS X) AppleWebKit/605.1.15 (KHTML, like Gecko) EdgiOS/120.0.2210.86 Version/17.0 Mobile/15E148 Safari/604.1
2024-11-15 00:42:46,344 - INFO - \u041f\u043e\u043f\u044b\u0442\u043a\u0430 \u0437\u0430\u0433\u0440\u0443\u0437\u043a\u0438 \u0441\u0442\u0440\u0430\u043d\u0438\u0446\u044b: https://uslugi.yandex.ru/profile/SergejChumakov-2056704
2024-11-15 00:42:46,959 - INFO - \u0422\u0435\u043a\u0443\u0449\u0438\u0439 URL \u043f\u043e\u0441\u043b\u0435 \u0437\u0430\u0433\u0440\u0443\u0437\u043a\u0438: https://uslugi.yandex.ru/profile/SergejChumakov-2056704
2024-11-15 00:42:47,066 - INFO - \u042d\u043b\u0435\u043c\u0435\u043d\u0442 'Logo-Link' \u043d\u0430\u0439\u0434\u0435\u043d
2024-11-15 00:43:02,656 - INFO - \u041a\u043d\u043e\u043f\u043a\u0430 '\u0427\u0430\u0442' \u043d\u0430\u0436\u0430\u0442\u0430
2024-11-15 00:43:39,619 - WARNING - \u042d\u043b\u0435\u043c\u0435\u043d\u0442 '\u042f.\u041c\u0435\u0441\u0441\u0435\u043d\u0434\u0436\u0435\u0440' \u043d\u0435 \u043d\u0430\u0439\u0434\u0435\u043d \u043d\u0430 \u0441\u0442\u0440\u0430\u043d\u0438\u0446\u0435 https://uslugi.yandex.ru/profile/SergejChumakov-2056704. \u041f\u0440\u043e\u0431\u0443\u0435\u043c \u0430\u043b\u044c\u0442\u0435\u0440\u043d\u0430\u0442\u0438\u0432\u043d\u044b\u0439 XPath.
2024-11-15 00:43:59,737 - WARNING - \u042d\u043b\u0435\u043c\u0435\u043d\u0442 '\u042f.\u041c\u0435\u0441\u0441\u0435\u043d\u0434\u0436\u0435\u0440' \u043d\u0435 \u043d\u0430\u0439\u0434\u0435\u043d \u043d\u0430 \u0441\u0442\u0440\u0430\u043d\u0438\u0446\u0435 https://uslugi.yandex.ru/profile/SergejChumakov-2056704 \u0434\u0430\u0436\u0435 \u0441 \u0430\u043b\u044c\u0442\u0435\u0440\u043d\u0430\u0442\u0438\u0432\u043d\u044b\u043c XPath. \u041f\u0440\u043e\u043f\u0443\u0441\u043a\u0430\u0435\u043c \u044d\u0442\u043e \u0434\u0435\u0439\u0441\u0442\u0432\u0438\u0435.
2024-11-15 00:43:59,741 - INFO - \u041f\u0435\u0440\u0435\u043a\u043b\u044e\u0447\u0438\u043b\u0438\u0441\u044c \u043d\u0430 iframe
2024-11-15 00:43:59,746 - INFO - \u0422\u0435\u043a\u0441\u0442\u043e\u0432\u043e\u0435 \u043f\u043e\u043b\u0435 \u043d\u0430\u0439\u0434\u0435\u043d\u043e \u043d\u0430 https://uslugi.yandex.ru/profile/SergejChumakov-2056704
2024-11-15 00:44:15,783 - INFO - \u0422\u0435\u043a\u0441\u0442 \u0432\u0432\u0435\u0434\u0435\u043d \u0432 \u043f\u043e\u043b\u0435 \u043d\u0430 https://uslugi.yandex.ru/profile/SergejChumakov-2056704
2024-11-15 00:44:22,663 - INFO - \u041a\u043d\u043e\u043f\u043a\u0430 \u043e\u0442\u043f\u0440\u0430\u0432\u043a\u0438 \u0441\u043e\u043e\u0431\u0449\u0435\u043d\u0438\u044f \u043d\u0430\u0436\u0430\u0442\u0430 \u043d\u0430 https://uslugi.yandex.ru/profile/SergejChumakov-2056704
2024-11-15 00:44:26,824 - INFO - \u0421\u043e\u043e\u0431\u0449\u0435\u043d\u0438\u0435 \u043e\u0442\u043f\u0440\u0430\u0432\u043b\u0435\u043d\u043e \u043d\u0430 https://uslugi.yandex.ru/profile/SergejChumakov-2056704
2024-11-15 00:44:27,058 - INFO - \u041a\u043d\u043e\u043f\u043a\u0430 '\u041d\u0435 \u0441\u0435\u0439\u0447\u0430\u0441' \u043d\u0430\u0436\u0430\u0442\u0430 \u043d\u0430 https://uslugi.yandex.ru/profile/SergejChumakov-2056704
2024-11-15 00:44:32,098 - ERROR - \u041e\u0448\u0438\u0431\u043a\u0430 WebDriver \u043f\u0440\u0438 \u0437\u0430\u0433\u0440\u0443\u0437\u043a\u0435 https://uslugi.yandex.ru/profile/SergejChumakov-2056704: Message: Element <div class="ui-icon-button ui-icon-button_disabled ui-icon-button_design_submit yamb-compose-button yamb-compose-button_size_s yamb-compose-submit-button yamb-compose-submit-button_type_button yamb-compose-submit-button_disabled"> is not clickable at point (332,592) because another element <div class="ui-gap ui-gap_left_xs"> obscures it
Stacktrace:
RemoteError@chrome://remote/content/shared/RemoteError.sys.mjs:8:8
WebDriverError@chrome://remote/content/shared/webdriver/Errors.sys.mjs:193:5
ElementClickInterceptedError@chrome://remote/content/shared/webdriver/Errors.sys.mjs:337:5
webdriverClickElement@chrome://remote/content/marionette/interaction.sys.mjs:177:11
interaction.clickElement@chrome://remote/content/marionette/interaction.sys.mjs:136:11
clickElement@chrome://remote/content/marionette/actors/MarionetteCommandsChild.sys.mjs:205:29
receiveMessage@chrome://remote/content/marionette/actors/MarionetteCommandsChild.sys.mjs:85:31

2024-11-15 00:44:34,785 - INFO - \u041f\u0440\u043e\u0446\u0435\u0441\u0441 \u0437\u0430\u0432\u0435\u0440\u0448\u0435\u043d
2024-11-15 00:51:58,256 - INFO - \u0417\u0430\u043f\u0443\u0441\u043a \u043f\u0440\u043e\u0446\u0435\u0441\u0441\u0430 \u0441 1 \u043f\u043e\u0442\u043e\u043a\u0430\u043c\u0438
2024-11-15 00:51:58,256 - INFO - \u0417\u0430\u0433\u0440\u0443\u0436\u0435\u043d\u043e 2162 URL, 61 \u0441\u043e\u043e\u0431\u0449\u0435\u043d\u0438\u0439 \u0438 2 \u043f\u0440\u043e\u043a\u0441\u0438
2024-11-15 00:52:02,696 - INFO - \u0421\u043e\u0437\u0434\u0430\u043d \u0434\u0440\u0430\u0439\u0432\u0435\u0440 \u0441 User-Agent: Mozilla/5.0 (iPhone; CPU iPhone OS 17_0_1 like Mac OS X) AppleWebKit/605.1.15 (KHTML, like Gecko) Version/17.0 Mobile/15E148 Safari/604.1, GeoLocation: (lat: 88.83652070702334, lon: -108.96362358779768)
2024-11-15 00:52:02,705 - INFO - \u0418\u0441\u043f\u043e\u043b\u044c\u0437\u0443\u0435\u043c \u043f\u0440\u043e\u043a\u0441\u0438: AsGhrni:sINEn9s@109.237.106.72:37299, User-Agent: Mozilla/5.0 (iPhone; CPU iPhone OS 17_0_1 like Mac OS X) AppleWebKit/605.1.15 (KHTML, like Gecko) Version/17.0 Mobile/15E148 Safari/604.1
2024-11-15 00:52:02,706 - INFO - \u041f\u043e\u043f\u044b\u0442\u043a\u0430 \u0437\u0430\u0433\u0440\u0443\u0437\u043a\u0438 \u0441\u0442\u0440\u0430\u043d\u0438\u0446\u044b: https://uslugi.yandex.ru/profile/ElenaVitalevnaPotemkina-1938225
2024-11-15 00:52:03,385 - INFO - \u0422\u0435\u043a\u0443\u0449\u0438\u0439 URL \u043f\u043e\u0441\u043b\u0435 \u0437\u0430\u0433\u0440\u0443\u0437\u043a\u0438: https://uslugi.yandex.ru/profile/ElenaVitalevnaPotemkina-1938225
2024-11-15 00:52:03,495 - INFO - \u042d\u043b\u0435\u043c\u0435\u043d\u0442 'Logo-Link' \u043d\u0430\u0439\u0434\u0435\u043d
2024-11-15 00:52:20,950 - INFO - \u041a\u043d\u043e\u043f\u043a\u0430 '\u0427\u0430\u0442' \u043d\u0430\u0436\u0430\u0442\u0430
2024-11-15 00:52:37,668 - INFO - \u041a\u043d\u043e\u043f\u043a\u0430 '\u042f.\u041c\u0435\u0441\u0441\u0435\u043d\u0434\u0436\u0435\u0440' \u043d\u0430\u0436\u0430\u0442\u0430
2024-11-15 00:52:50,870 - INFO - \u041f\u0435\u0440\u0435\u043a\u043b\u044e\u0447\u0438\u043b\u0438\u0441\u044c \u043d\u0430 iframe
2024-11-15 00:52:50,872 - INFO - \u0422\u0435\u043a\u0441\u0442\u043e\u0432\u043e\u0435 \u043f\u043e\u043b\u0435 \u043d\u0430\u0439\u0434\u0435\u043d\u043e \u043d\u0430 https://uslugi.yandex.ru/profile/ElenaVitalevnaPotemkina-1938225
2024-11-15 00:53:06,489 - INFO - \u0422\u0435\u043a\u0441\u0442 \u0432\u0432\u0435\u0434\u0435\u043d \u0432 \u043f\u043e\u043b\u0435 \u043d\u0430 https://uslugi.yandex.ru/profile/ElenaVitalevnaPotemkina-1938225
2024-11-15 00:53:12,598 - INFO - \u041a\u043d\u043e\u043f\u043a\u0430 \u043e\u0442\u043f\u0440\u0430\u0432\u043a\u0438 \u0441\u043e\u043e\u0431\u0449\u0435\u043d\u0438\u044f \u043d\u0430\u0436\u0430\u0442\u0430 \u043d\u0430 https://uslugi.yandex.ru/profile/ElenaVitalevnaPotemkina-1938225
2024-11-15 00:53:17,216 - INFO - \u0421\u043e\u043e\u0431\u0449\u0435\u043d\u0438\u0435 \u043e\u0442\u043f\u0440\u0430\u0432\u043b\u0435\u043d\u043e \u043d\u0430 https://uslugi.yandex.ru/profile/ElenaVitalevnaPotemkina-1938225
2024-11-15 00:53:17,456 - INFO - \u041a\u043d\u043e\u043f\u043a\u0430 '\u041d\u0435 \u0441\u0435\u0439\u0447\u0430\u0441' \u043d\u0430\u0436\u0430\u0442\u0430 \u043d\u0430 https://uslugi.yandex.ru/profile/ElenaVitalevnaPotemkina-1938225
2024-11-15 00:53:23,450 - ERROR - \u041e\u0448\u0438\u0431\u043a\u0430 WebDriver \u043f\u0440\u0438 \u0437\u0430\u0433\u0440\u0443\u0437\u043a\u0435 https://uslugi.yandex.ru/profile/ElenaVitalevnaPotemkina-1938225: Message: Element <div class="ui-icon-button ui-icon-button_disabled ui-icon-button_design_submit yamb-compose-button yamb-compose-button_size_s yamb-compose-submit-button yamb-compose-submit-button_type_button yamb-compose-submit-button_disabled"> is not clickable at point (332,592) because another element <div class="ui-gap ui-gap_left_xs"> obscures it
Stacktrace:
RemoteError@chrome://remote/content/shared/RemoteError.sys.mjs:8:8
WebDriverError@chrome://remote/content/shared/webdriver/Errors.sys.mjs:193:5
ElementClickInterceptedError@chrome://remote/content/shared/webdriver/Errors.sys.mjs:337:5
webdriverClickElement@chrome://remote/content/marionette/interaction.sys.mjs:177:11
interaction.clickElement@chrome://remote/content/marionette/interaction.sys.mjs:136:11
clickElement@chrome://remote/content/marionette/actors/MarionetteCommandsChild.sys.mjs:205:29
receiveMessage@chrome://remote/content/marionette/actors/MarionetteCommandsChild.sys.mjs:85:31

2024-11-15 00:53:30,430 - INFO - \u0421\u043e\u0437\u0434\u0430\u043d \u0434\u0440\u0430\u0439\u0432\u0435\u0440 \u0441 User-Agent: Mozilla/5.0 (iPhone; CPU iPhone OS 17_0_3 like Mac OS X) AppleWebKit/605.1.15 (KHTML, like Gecko) Version/17.0.3 Mobile/15E148 Safari/604.1 RDDocuments/8.7.2.978, GeoLocation: (lat: 73.98283904426327, lon: 25.380482023691513)
2024-11-15 00:53:34,440 - INFO - \u0418\u0441\u043f\u043e\u043b\u044c\u0437\u0443\u0435\u043c \u043f\u0440\u043e\u043a\u0441\u0438: AsGhrni:sINEn9s@109.237.106.72:37299, User-Agent: Mozilla/5.0 (iPhone; CPU iPhone OS 17_0_3 like Mac OS X) AppleWebKit/605.1.15 (KHTML, like Gecko) Version/17.0.3 Mobile/15E148 Safari/604.1 RDDocuments/8.7.2.978
2024-11-15 00:53:34,441 - INFO - \u041f\u043e\u043f\u044b\u0442\u043a\u0430 \u0437\u0430\u0433\u0440\u0443\u0437\u043a\u0438 \u0441\u0442\u0440\u0430\u043d\u0438\u0446\u044b: https://uslugi.yandex.ru/profile/AnastasiyaB-1679524
2024-11-15 00:53:34,999 - INFO - \u0422\u0435\u043a\u0443\u0449\u0438\u0439 URL \u043f\u043e\u0441\u043b\u0435 \u0437\u0430\u0433\u0440\u0443\u0437\u043a\u0438: https://uslugi.yandex.ru/profile/AnastasiyaB-1679524
2024-11-15 00:53:35,112 - INFO - \u042d\u043b\u0435\u043c\u0435\u043d\u0442 'Logo-Link' \u043d\u0430\u0439\u0434\u0435\u043d
2024-11-15 00:53:52,379 - ERROR - \u041e\u0448\u0438\u0431\u043a\u0430 WebDriver \u043f\u0440\u0438 \u0437\u0430\u0433\u0440\u0443\u0437\u043a\u0435 https://uslugi.yandex.ru/profile/AnastasiyaB-1679524: Message: Element <button class="Button2 Button2_width_max Button2_size_md Button2_theme_normal Button2_pin_circle" type="button"> is not clickable at point (951,634) because another element <div class="MainMenu"> obscures it
Stacktrace:
RemoteError@chrome://remote/content/shared/RemoteError.sys.mjs:8:8
WebDriverError@chrome://remote/content/shared/webdriver/Errors.sys.mjs:193:5
ElementClickInterceptedError@chrome://remote/content/shared/webdriver/Errors.sys.mjs:337:5
webdriverClickElement@chrome://remote/content/marionette/interaction.sys.mjs:177:11
interaction.clickElement@chrome://remote/content/marionette/interaction.sys.mjs:136:11
clickElement@chrome://remote/content/marionette/actors/MarionetteCommandsChild.sys.mjs:205:29
receiveMessage@chrome://remote/content/marionette/actors/MarionetteCommandsChild.sys.mjs:85:31

2024-11-15 00:53:59,449 - INFO - \u0421\u043e\u0437\u0434\u0430\u043d \u0434\u0440\u0430\u0439\u0432\u0435\u0440 \u0441 User-Agent: Mozilla/5.0 (Windows NT 10.0; Win64; x64) AppleWebKit/537.36 (KHTML, like Gecko) Chrome/122.0.0.0 Safari/537.36, GeoLocation: (lat: 65.27138305330058, lon: 31.233104469587403)
2024-11-15 00:54:03,461 - INFO - \u0418\u0441\u043f\u043e\u043b\u044c\u0437\u0443\u0435\u043c \u043f\u0440\u043e\u043a\u0441\u0438: AsGhrni:sINEn9s@109.237.106.72:37299, User-Agent: Mozilla/5.0 (Windows NT 10.0; Win64; x64) AppleWebKit/537.36 (KHTML, like Gecko) Chrome/122.0.0.0 Safari/537.36
2024-11-15 00:54:03,462 - INFO - \u041f\u043e\u043f\u044b\u0442\u043a\u0430 \u0437\u0430\u0433\u0440\u0443\u0437\u043a\u0438 \u0441\u0442\u0440\u0430\u043d\u0438\u0446\u044b: https://uslugi.yandex.ru/profile/DmitrijKuvshinov-2454314
2024-11-15 00:54:04,361 - INFO - \u0422\u0435\u043a\u0443\u0449\u0438\u0439 URL \u043f\u043e\u0441\u043b\u0435 \u0437\u0430\u0433\u0440\u0443\u0437\u043a\u0438: https://uslugi.yandex.ru/profile/DmitrijKuvshinov-2454314
2024-11-15 00:54:04,373 - INFO - \u042d\u043b\u0435\u043c\u0435\u043d\u0442 'Logo-Link' \u043d\u0430\u0439\u0434\u0435\u043d
2024-11-15 00:54:22,721 - INFO - \u041a\u043d\u043e\u043f\u043a\u0430 '\u0427\u0430\u0442' \u043d\u0430\u0436\u0430\u0442\u0430
2024-11-15 00:54:37,486 - INFO - \u041a\u043d\u043e\u043f\u043a\u0430 '\u042f.\u041c\u0435\u0441\u0441\u0435\u043d\u0434\u0436\u0435\u0440' \u043d\u0430\u0436\u0430\u0442\u0430
2024-11-15 00:54:51,344 - INFO - \u041f\u0435\u0440\u0435\u043a\u043b\u044e\u0447\u0438\u043b\u0438\u0441\u044c \u043d\u0430 iframe
2024-11-15 00:54:51,353 - INFO - \u0422\u0435\u043a\u0441\u0442\u043e\u0432\u043e\u0435 \u043f\u043e\u043b\u0435 \u043d\u0430\u0439\u0434\u0435\u043d\u043e \u043d\u0430 https://uslugi.yandex.ru/profile/DmitrijKuvshinov-2454314
2024-11-15 00:55:07,107 - INFO - \u0422\u0435\u043a\u0441\u0442 \u0432\u0432\u0435\u0434\u0435\u043d \u0432 \u043f\u043e\u043b\u0435 \u043d\u0430 https://uslugi.yandex.ru/profile/DmitrijKuvshinov-2454314
2024-11-15 00:55:12,588 - INFO - \u041a\u043d\u043e\u043f\u043a\u0430 \u043e\u0442\u043f\u0440\u0430\u0432\u043a\u0438 \u0441\u043e\u043e\u0431\u0449\u0435\u043d\u0438\u044f \u043d\u0430\u0436\u0430\u0442\u0430 \u043d\u0430 https://uslugi.yandex.ru/profile/DmitrijKuvshinov-2454314
2024-11-15 00:55:18,587 - INFO - \u0421\u043e\u043e\u0431\u0449\u0435\u043d\u0438\u0435 \u043e\u0442\u043f\u0440\u0430\u0432\u043b\u0435\u043d\u043e \u043d\u0430 https://uslugi.yandex.ru/profile/DmitrijKuvshinov-2454314
2024-11-15 00:55:18,833 - INFO - \u041a\u043d\u043e\u043f\u043a\u0430 '\u041d\u0435 \u0441\u0435\u0439\u0447\u0430\u0441' \u043d\u0430\u0436\u0430\u0442\u0430 \u043d\u0430 https://uslugi.yandex.ru/profile/DmitrijKuvshinov-2454314
2024-11-15 00:55:25,335 - ERROR - \u041e\u0448\u0438\u0431\u043a\u0430 WebDriver \u043f\u0440\u0438 \u0437\u0430\u0433\u0440\u0443\u0437\u043a\u0435 https://uslugi.yandex.ru/profile/DmitrijKuvshinov-2454314: Message: Element <div class="ui-icon-button ui-icon-button_disabled ui-icon-button_design_submit yamb-compose-button yamb-compose-button_size_s yamb-compose-submit-button yamb-compose-submit-button_type_button yamb-compose-submit-button_disabled"> is not clickable at point (332,592) because another element <div class="ui-gap ui-gap_left_xs"> obscures it
Stacktrace:
RemoteError@chrome://remote/content/shared/RemoteError.sys.mjs:8:8
WebDriverError@chrome://remote/content/shared/webdriver/Errors.sys.mjs:193:5
ElementClickInterceptedError@chrome://remote/content/shared/webdriver/Errors.sys.mjs:337:5
webdriverClickElement@chrome://remote/content/marionette/interaction.sys.mjs:177:11
interaction.clickElement@chrome://remote/content/marionette/interaction.sys.mjs:136:11
clickElement@chrome://remote/content/marionette/actors/MarionetteCommandsChild.sys.mjs:205:29
receiveMessage@chrome://remote/content/marionette/actors/MarionetteCommandsChild.sys.mjs:85:31

2024-11-15 00:55:32,442 - INFO - \u0421\u043e\u0437\u0434\u0430\u043d \u0434\u0440\u0430\u0439\u0432\u0435\u0440 \u0441 User-Agent: Mozilla/5.0 (Macintosh; Intel Mac OS X 10_15_7) AppleWebKit/537.36 (KHTML, like Gecko) Chrome/122.0.0.0 Safari/537.36, GeoLocation: (lat: 78.05786232383926, lon: -87.91173042191873)
2024-11-15 00:55:36,457 - INFO - \u0418\u0441\u043f\u043e\u043b\u044c\u0437\u0443\u0435\u043c \u043f\u0440\u043e\u043a\u0441\u0438: BTamDtp:Peb5bQy@79.143.19.35:26755, User-Agent: Mozilla/5.0 (Macintosh; Intel Mac OS X 10_15_7) AppleWebKit/537.36 (KHTML, like Gecko) Chrome/122.0.0.0 Safari/537.36
2024-11-15 00:55:36,457 - INFO - \u041f\u043e\u043f\u044b\u0442\u043a\u0430 \u0437\u0430\u0433\u0440\u0443\u0437\u043a\u0438 \u0441\u0442\u0440\u0430\u043d\u0438\u0446\u044b: https://uslugi.yandex.ru/profile/IgorBaryshnikov-1825450
2024-11-15 00:55:37,055 - INFO - \u0422\u0435\u043a\u0443\u0449\u0438\u0439 URL \u043f\u043e\u0441\u043b\u0435 \u0437\u0430\u0433\u0440\u0443\u0437\u043a\u0438: https://uslugi.yandex.ru/profile/IgorBaryshnikov-1825450
2024-11-15 00:55:37,196 - INFO - \u042d\u043b\u0435\u043c\u0435\u043d\u0442 'Logo-Link' \u043d\u0430\u0439\u0434\u0435\u043d
2024-11-15 00:55:54,474 - INFO - \u041a\u043d\u043e\u043f\u043a\u0430 '\u0427\u0430\u0442' \u043d\u0430\u0436\u0430\u0442\u0430
2024-11-15 00:56:08,334 - INFO - \u041a\u043d\u043e\u043f\u043a\u0430 '\u042f.\u041c\u0435\u0441\u0441\u0435\u043d\u0434\u0436\u0435\u0440' \u043d\u0430\u0436\u0430\u0442\u0430
2024-11-15 00:56:22,793 - INFO - \u041f\u0435\u0440\u0435\u043a\u043b\u044e\u0447\u0438\u043b\u0438\u0441\u044c \u043d\u0430 iframe
2024-11-15 00:56:22,795 - INFO - \u0422\u0435\u043a\u0441\u0442\u043e\u0432\u043e\u0435 \u043f\u043e\u043b\u0435 \u043d\u0430\u0439\u0434\u0435\u043d\u043e \u043d\u0430 https://uslugi.yandex.ru/profile/IgorBaryshnikov-1825450
2024-11-15 00:56:38,778 - INFO - \u0422\u0435\u043a\u0441\u0442 \u0432\u0432\u0435\u0434\u0435\u043d \u0432 \u043f\u043e\u043b\u0435 \u043d\u0430 https://uslugi.yandex.ru/profile/IgorBaryshnikov-1825450
2024-11-15 00:56:46,000 - INFO - \u041a\u043d\u043e\u043f\u043a\u0430 \u043e\u0442\u043f\u0440\u0430\u0432\u043a\u0438 \u0441\u043e\u043e\u0431\u0449\u0435\u043d\u0438\u044f \u043d\u0430\u0436\u0430\u0442\u0430 \u043d\u0430 https://uslugi.yandex.ru/profile/IgorBaryshnikov-1825450
2024-11-15 00:56:50,955 - INFO - \u0421\u043e\u043e\u0431\u0449\u0435\u043d\u0438\u0435 \u043e\u0442\u043f\u0440\u0430\u0432\u043b\u0435\u043d\u043e \u043d\u0430 https://uslugi.yandex.ru/profile/IgorBaryshnikov-1825450
2024-11-15 00:56:51,210 - INFO - \u041a\u043d\u043e\u043f\u043a\u0430 '\u041d\u0435 \u0441\u0435\u0439\u0447\u0430\u0441' \u043d\u0430\u0436\u0430\u0442\u0430 \u043d\u0430 https://uslugi.yandex.ru/profile/IgorBaryshnikov-1825450
2024-11-15 00:56:57,088 - ERROR - \u041e\u0448\u0438\u0431\u043a\u0430 WebDriver \u043f\u0440\u0438 \u0437\u0430\u0433\u0440\u0443\u0437\u043a\u0435 https://uslugi.yandex.ru/profile/IgorBaryshnikov-1825450: Message: Element <div class="ui-icon-button ui-icon-button_disabled ui-icon-button_design_submit yamb-compose-button yamb-compose-button_size_s yamb-compose-submit-button yamb-compose-submit-button_type_button yamb-compose-submit-button_disabled"> is not clickable at point (332,592) because another element <div class="ui-gap ui-gap_left_xs"> obscures it
Stacktrace:
RemoteError@chrome://remote/content/shared/RemoteError.sys.mjs:8:8
WebDriverError@chrome://remote/content/shared/webdriver/Errors.sys.mjs:193:5
ElementClickInterceptedError@chrome://remote/content/shared/webdriver/Errors.sys.mjs:337:5
webdriverClickElement@chrome://remote/content/marionette/interaction.sys.mjs:177:11
interaction.clickElement@chrome://remote/content/marionette/interaction.sys.mjs:136:11
clickElement@chrome://remote/content/marionette/actors/MarionetteCommandsChild.sys.mjs:205:29
receiveMessage@chrome://remote/content/marionette/actors/MarionetteCommandsChild.sys.mjs:85:31

2024-11-15 00:57:04,179 - INFO - \u0421\u043e\u0437\u0434\u0430\u043d \u0434\u0440\u0430\u0439\u0432\u0435\u0440 \u0441 User-Agent: Mozilla/5.0 (Windows NT 10.0; Win64; x64) AppleWebKit/537.36 (KHTML, like Gecko) Chrome/122.0.0.0 Safari/537.36, GeoLocation: (lat: -10.16207880651858, lon: 49.53454672548804)
2024-11-15 00:57:08,193 - INFO - \u0418\u0441\u043f\u043e\u043b\u044c\u0437\u0443\u0435\u043c \u043f\u0440\u043e\u043a\u0441\u0438: BTamDtp:Peb5bQy@79.143.19.35:26755, User-Agent: Mozilla/5.0 (Windows NT 10.0; Win64; x64) AppleWebKit/537.36 (KHTML, like Gecko) Chrome/122.0.0.0 Safari/537.36
2024-11-15 00:57:08,193 - INFO - \u041f\u043e\u043f\u044b\u0442\u043a\u0430 \u0437\u0430\u0433\u0440\u0443\u0437\u043a\u0438 \u0441\u0442\u0440\u0430\u043d\u0438\u0446\u044b: https://uslugi.yandex.ru/profile/InnaS-1761049
2024-11-15 00:57:08,827 - INFO - \u0422\u0435\u043a\u0443\u0449\u0438\u0439 URL \u043f\u043e\u0441\u043b\u0435 \u0437\u0430\u0433\u0440\u0443\u0437\u043a\u0438: https://uslugi.yandex.ru/profile/InnaS-1761049
2024-11-15 00:57:08,938 - INFO - \u042d\u043b\u0435\u043c\u0435\u043d\u0442 'Logo-Link' \u043d\u0430\u0439\u0434\u0435\u043d
2024-11-15 00:57:26,209 - INFO - \u041a\u043d\u043e\u043f\u043a\u0430 '\u0427\u0430\u0442' \u043d\u0430\u0436\u0430\u0442\u0430
2024-11-15 00:57:41,706 - INFO - \u041a\u043d\u043e\u043f\u043a\u0430 '\u042f.\u041c\u0435\u0441\u0441\u0435\u043d\u0434\u0436\u0435\u0440' \u043d\u0430\u0436\u0430\u0442\u0430
2024-11-15 00:57:56,010 - INFO - \u041f\u0435\u0440\u0435\u043a\u043b\u044e\u0447\u0438\u043b\u0438\u0441\u044c \u043d\u0430 iframe
2024-11-15 00:57:56,013 - INFO - \u0422\u0435\u043a\u0441\u0442\u043e\u0432\u043e\u0435 \u043f\u043e\u043b\u0435 \u043d\u0430\u0439\u0434\u0435\u043d\u043e \u043d\u0430 https://uslugi.yandex.ru/profile/InnaS-1761049
2024-11-15 00:58:11,660 - INFO - \u0422\u0435\u043a\u0441\u0442 \u0432\u0432\u0435\u0434\u0435\u043d \u0432 \u043f\u043e\u043b\u0435 \u043d\u0430 https://uslugi.yandex.ru/profile/InnaS-1761049
2024-11-15 00:58:16,422 - INFO - \u041a\u043d\u043e\u043f\u043a\u0430 \u043e\u0442\u043f\u0440\u0430\u0432\u043a\u0438 \u0441\u043e\u043e\u0431\u0449\u0435\u043d\u0438\u044f \u043d\u0430\u0436\u0430\u0442\u0430 \u043d\u0430 https://uslugi.yandex.ru/profile/InnaS-1761049
2024-11-15 00:58:22,145 - INFO - \u0421\u043e\u043e\u0431\u0449\u0435\u043d\u0438\u0435 \u043e\u0442\u043f\u0440\u0430\u0432\u043b\u0435\u043d\u043e \u043d\u0430 https://uslugi.yandex.ru/profile/InnaS-1761049
2024-11-15 00:58:22,400 - INFO - \u041a\u043d\u043e\u043f\u043a\u0430 '\u041d\u0435 \u0441\u0435\u0439\u0447\u0430\u0441' \u043d\u0430\u0436\u0430\u0442\u0430 \u043d\u0430 https://uslugi.yandex.ru/profile/InnaS-1761049
2024-11-15 00:58:28,306 - ERROR - \u041e\u0448\u0438\u0431\u043a\u0430 WebDriver \u043f\u0440\u0438 \u0437\u0430\u0433\u0440\u0443\u0437\u043a\u0435 https://uslugi.yandex.ru/profile/InnaS-1761049: Message: Element <div class="ui-icon-button ui-icon-button_disabled ui-icon-button_design_submit yamb-compose-button yamb-compose-button_size_s yamb-compose-submit-button yamb-compose-submit-button_type_button yamb-compose-submit-button_disabled"> is not clickable at point (332,592) because another element <div class="ui-gap ui-gap_left_xs"> obscures it
Stacktrace:
RemoteError@chrome://remote/content/shared/RemoteError.sys.mjs:8:8
WebDriverError@chrome://remote/content/shared/webdriver/Errors.sys.mjs:193:5
ElementClickInterceptedError@chrome://remote/content/shared/webdriver/Errors.sys.mjs:337:5
webdriverClickElement@chrome://remote/content/marionette/interaction.sys.mjs:177:11
interaction.clickElement@chrome://remote/content/marionette/interaction.sys.mjs:136:11
clickElement@chrome://remote/content/marionette/actors/MarionetteCommandsChild.sys.mjs:205:29
receiveMessage@chrome://remote/content/marionette/actors/MarionetteCommandsChild.sys.mjs:85:31

2024-11-15 00:58:35,374 - INFO - \u0421\u043e\u0437\u0434\u0430\u043d \u0434\u0440\u0430\u0439\u0432\u0435\u0440 \u0441 User-Agent: Mozilla/5.0 (Linux; Android 10; K) AppleWebKit/537.36 (KHTML, like Gecko) Chrome/122.0.0.0 Mobile Safari/537.36, GeoLocation: (lat: -65.85770201213691, lon: -15.39368639393561)
2024-11-15 00:58:39,386 - INFO - \u0418\u0441\u043f\u043e\u043b\u044c\u0437\u0443\u0435\u043c \u043f\u0440\u043e\u043a\u0441\u0438: AsGhrni:sINEn9s@109.237.106.72:37299, User-Agent: Mozilla/5.0 (Linux; Android 10; K) AppleWebKit/537.36 (KHTML, like Gecko) Chrome/122.0.0.0 Mobile Safari/537.36
2024-11-15 00:58:39,387 - INFO - \u041f\u043e\u043f\u044b\u0442\u043a\u0430 \u0437\u0430\u0433\u0440\u0443\u0437\u043a\u0438 \u0441\u0442\u0440\u0430\u043d\u0438\u0446\u044b: https://uslugi.yandex.ru/profile/OksanaGorshneva-2246792
2024-11-15 00:58:39,983 - INFO - \u0422\u0435\u043a\u0443\u0449\u0438\u0439 URL \u043f\u043e\u0441\u043b\u0435 \u0437\u0430\u0433\u0440\u0443\u0437\u043a\u0438: https://uslugi.yandex.ru/profile/OksanaGorshneva-2246792
2024-11-15 00:58:40,093 - INFO - \u042d\u043b\u0435\u043c\u0435\u043d\u0442 'Logo-Link' \u043d\u0430\u0439\u0434\u0435\u043d
2024-11-15 00:58:55,833 - ERROR - \u041e\u0448\u0438\u0431\u043a\u0430 WebDriver \u043f\u0440\u0438 \u0437\u0430\u0433\u0440\u0443\u0437\u043a\u0435 https://uslugi.yandex.ru/profile/OksanaGorshneva-2246792: Message: Element <button class="Button2 Button2_width_max Button2_size_md Button2_theme_normal Button2_pin_circle" type="button"> is not clickable at point (951,634) because another element <div class="MainMenu"> obscures it
Stacktrace:
RemoteError@chrome://remote/content/shared/RemoteError.sys.mjs:8:8
WebDriverError@chrome://remote/content/shared/webdriver/Errors.sys.mjs:193:5
ElementClickInterceptedError@chrome://remote/content/shared/webdriver/Errors.sys.mjs:337:5
webdriverClickElement@chrome://remote/content/marionette/interaction.sys.mjs:177:11
interaction.clickElement@chrome://remote/content/marionette/interaction.sys.mjs:136:11
clickElement@chrome://remote/content/marionette/actors/MarionetteCommandsChild.sys.mjs:205:29
receiveMessage@chrome://remote/content/marionette/actors/MarionetteCommandsChild.sys.mjs:85:31

2024-11-15 00:59:02,905 - INFO - \u0421\u043e\u0437\u0434\u0430\u043d \u0434\u0440\u0430\u0439\u0432\u0435\u0440 \u0441 User-Agent: Mozilla/5.0 (Macintosh; Intel Mac OS X 10_15) AppleWebKit/605.1.15 (KHTML, like Gecko) Version/17.0 DuckDuckGo/7 Safari/605.1.15, GeoLocation: (lat: 65.40953088565439, lon: 35.78668606860418)
2024-11-15 00:59:06,920 - INFO - \u0418\u0441\u043f\u043e\u043b\u044c\u0437\u0443\u0435\u043c \u043f\u0440\u043e\u043a\u0441\u0438: AsGhrni:sINEn9s@109.237.106.72:37299, User-Agent: Mozilla/5.0 (Macintosh; Intel Mac OS X 10_15) AppleWebKit/605.1.15 (KHTML, like Gecko) Version/17.0 DuckDuckGo/7 Safari/605.1.15
2024-11-15 00:59:06,920 - INFO - \u041f\u043e\u043f\u044b\u0442\u043a\u0430 \u0437\u0430\u0433\u0440\u0443\u0437\u043a\u0438 \u0441\u0442\u0440\u0430\u043d\u0438\u0446\u044b: https://uslugi.yandex.ru/profile/RamziyaKh-2855179
2024-11-15 00:59:07,832 - INFO - \u0422\u0435\u043a\u0443\u0449\u0438\u0439 URL \u043f\u043e\u0441\u043b\u0435 \u0437\u0430\u0433\u0440\u0443\u0437\u043a\u0438: https://uslugi.yandex.ru/profile/RamziyaKh-2855179
2024-11-15 00:59:07,843 - INFO - \u042d\u043b\u0435\u043c\u0435\u043d\u0442 'Logo-Link' \u043d\u0430\u0439\u0434\u0435\u043d
2024-11-15 00:59:28,029 - INFO - \u041a\u043d\u043e\u043f\u043a\u0430 '\u0427\u0430\u0442' \u043d\u0430\u0436\u0430\u0442\u0430
2024-11-15 00:59:43,153 - INFO - \u041a\u043d\u043e\u043f\u043a\u0430 '\u042f.\u041c\u0435\u0441\u0441\u0435\u043d\u0434\u0436\u0435\u0440' \u043d\u0430\u0436\u0430\u0442\u0430
2024-11-15 00:59:58,099 - INFO - \u041f\u0435\u0440\u0435\u043a\u043b\u044e\u0447\u0438\u043b\u0438\u0441\u044c \u043d\u0430 iframe
2024-11-15 00:59:58,101 - INFO - \u0422\u0435\u043a\u0441\u0442\u043e\u0432\u043e\u0435 \u043f\u043e\u043b\u0435 \u043d\u0430\u0439\u0434\u0435\u043d\u043e \u043d\u0430 https://uslugi.yandex.ru/profile/RamziyaKh-2855179
2024-11-15 01:00:14,360 - INFO - \u0422\u0435\u043a\u0441\u0442 \u0432\u0432\u0435\u0434\u0435\u043d \u0432 \u043f\u043e\u043b\u0435 \u043d\u0430 https://uslugi.yandex.ru/profile/RamziyaKh-2855179
2024-11-15 01:00:19,199 - INFO - \u041a\u043d\u043e\u043f\u043a\u0430 \u043e\u0442\u043f\u0440\u0430\u0432\u043a\u0438 \u0441\u043e\u043e\u0431\u0449\u0435\u043d\u0438\u044f \u043d\u0430\u0436\u0430\u0442\u0430 \u043d\u0430 https://uslugi.yandex.ru/profile/RamziyaKh-2855179
2024-11-15 01:00:23,879 - INFO - \u0421\u043e\u043e\u0431\u0449\u0435\u043d\u0438\u0435 \u043e\u0442\u043f\u0440\u0430\u0432\u043b\u0435\u043d\u043e \u043d\u0430 https://uslugi.yandex.ru/profile/RamziyaKh-2855179
2024-11-15 01:00:24,158 - INFO - \u041a\u043d\u043e\u043f\u043a\u0430 '\u041d\u0435 \u0441\u0435\u0439\u0447\u0430\u0441' \u043d\u0430\u0436\u0430\u0442\u0430 \u043d\u0430 https://uslugi.yandex.ru/profile/RamziyaKh-2855179
2024-11-15 01:00:30,772 - ERROR - \u041e\u0448\u0438\u0431\u043a\u0430 WebDriver \u043f\u0440\u0438 \u0437\u0430\u0433\u0440\u0443\u0437\u043a\u0435 https://uslugi.yandex.ru/profile/RamziyaKh-2855179: Message: Element <div class="ui-icon-button ui-icon-button_disabled ui-icon-button_design_submit yamb-compose-button yamb-compose-button_size_s yamb-compose-submit-button yamb-compose-submit-button_type_button yamb-compose-submit-button_disabled"> is not clickable at point (332,592) because another element <div class="ui-gap ui-gap_left_xs"> obscures it
Stacktrace:
RemoteError@chrome://remote/content/shared/RemoteError.sys.mjs:8:8
WebDriverError@chrome://remote/content/shared/webdriver/Errors.sys.mjs:193:5
ElementClickInterceptedError@chrome://remote/content/shared/webdriver/Errors.sys.mjs:337:5
webdriverClickElement@chrome://remote/content/marionette/interaction.sys.mjs:177:11
interaction.clickElement@chrome://remote/content/marionette/interaction.sys.mjs:136:11
clickElement@chrome://remote/content/marionette/actors/MarionetteCommandsChild.sys.mjs:205:29
receiveMessage@chrome://remote/content/marionette/actors/MarionetteCommandsChild.sys.mjs:85:31

2024-11-15 01:00:37,858 - INFO - \u0421\u043e\u0437\u0434\u0430\u043d \u0434\u0440\u0430\u0439\u0432\u0435\u0440 \u0441 User-Agent: Mozilla/5.0 (iPhone; CPU iPhone OS 17_0 like Mac OS X) AppleWebKit/605.1.15 (KHTML, like Gecko) EdgiOS/116.0.1938.56 Version/17.0 Mobile/15E148 Safari/604.1, GeoLocation: (lat: 72.23838513037077, lon: 32.26927965497043)
2024-11-15 01:00:41,870 - INFO - \u0418\u0441\u043f\u043e\u043b\u044c\u0437\u0443\u0435\u043c \u043f\u0440\u043e\u043a\u0441\u0438: AsGhrni:sINEn9s@109.237.106.72:37299, User-Agent: Mozilla/5.0 (iPhone; CPU iPhone OS 17_0 like Mac OS X) AppleWebKit/605.1.15 (KHTML, like Gecko) EdgiOS/116.0.1938.56 Version/17.0 Mobile/15E148 Safari/604.1
2024-11-15 01:00:41,871 - INFO - \u041f\u043e\u043f\u044b\u0442\u043a\u0430 \u0437\u0430\u0433\u0440\u0443\u0437\u043a\u0438 \u0441\u0442\u0440\u0430\u043d\u0438\u0446\u044b: https://uslugi.yandex.ru/profile/InndaysApartments-2836591
2024-11-15 01:00:42,541 - INFO - \u0422\u0435\u043a\u0443\u0449\u0438\u0439 URL \u043f\u043e\u0441\u043b\u0435 \u0437\u0430\u0433\u0440\u0443\u0437\u043a\u0438: https://uslugi.yandex.ru/profile/InndaysApartments-2836591
2024-11-15 01:00:42,663 - INFO - \u042d\u043b\u0435\u043c\u0435\u043d\u0442 'Logo-Link' \u043d\u0430\u0439\u0434\u0435\u043d
2024-11-15 01:01:02,885 - INFO - \u041a\u043d\u043e\u043f\u043a\u0430 '\u0427\u0430\u0442' \u043d\u0430\u0436\u0430\u0442\u0430
2024-11-15 01:01:19,460 - INFO - \u041a\u043d\u043e\u043f\u043a\u0430 '\u042f.\u041c\u0435\u0441\u0441\u0435\u043d\u0434\u0436\u0435\u0440' \u043d\u0430\u0436\u0430\u0442\u0430
2024-11-15 01:01:34,186 - INFO - \u041f\u0435\u0440\u0435\u043a\u043b\u044e\u0447\u0438\u043b\u0438\u0441\u044c \u043d\u0430 iframe
2024-11-15 01:01:34,189 - INFO - \u0422\u0435\u043a\u0441\u0442\u043e\u0432\u043e\u0435 \u043f\u043e\u043b\u0435 \u043d\u0430\u0439\u0434\u0435\u043d\u043e \u043d\u0430 https://uslugi.yandex.ru/profile/InndaysApartments-2836591
2024-11-15 01:01:49,696 - INFO - \u0422\u0435\u043a\u0441\u0442 \u0432\u0432\u0435\u0434\u0435\u043d \u0432 \u043f\u043e\u043b\u0435 \u043d\u0430 https://uslugi.yandex.ru/profile/InndaysApartments-2836591
2024-11-15 01:01:56,795 - INFO - \u041a\u043d\u043e\u043f\u043a\u0430 \u043e\u0442\u043f\u0440\u0430\u0432\u043a\u0438 \u0441\u043e\u043e\u0431\u0449\u0435\u043d\u0438\u044f \u043d\u0430\u0436\u0430\u0442\u0430 \u043d\u0430 https://uslugi.yandex.ru/profile/InndaysApartments-2836591
2024-11-15 01:02:02,751 - INFO - \u0421\u043e\u043e\u0431\u0449\u0435\u043d\u0438\u0435 \u043e\u0442\u043f\u0440\u0430\u0432\u043b\u0435\u043d\u043e \u043d\u0430 https://uslugi.yandex.ru/profile/InndaysApartments-2836591
2024-11-15 01:02:02,988 - INFO - \u041a\u043d\u043e\u043f\u043a\u0430 '\u041d\u0435 \u0441\u0435\u0439\u0447\u0430\u0441' \u043d\u0430\u0436\u0430\u0442\u0430 \u043d\u0430 https://uslugi.yandex.ru/profile/InndaysApartments-2836591
2024-11-15 01:02:08,183 - ERROR - \u041e\u0448\u0438\u0431\u043a\u0430 WebDriver \u043f\u0440\u0438 \u0437\u0430\u0433\u0440\u0443\u0437\u043a\u0435 https://uslugi.yandex.ru/profile/InndaysApartments-2836591: Message: Element <div class="ui-icon-button ui-icon-button_disabled ui-icon-button_design_submit yamb-compose-button yamb-compose-button_size_s yamb-compose-submit-button yamb-compose-submit-button_type_button yamb-compose-submit-button_disabled"> is not clickable at point (332,592) because another element <div class="ui-gap ui-gap_left_xs"> obscures it
Stacktrace:
RemoteError@chrome://remote/content/shared/RemoteError.sys.mjs:8:8
WebDriverError@chrome://remote/content/shared/webdriver/Errors.sys.mjs:193:5
ElementClickInterceptedError@chrome://remote/content/shared/webdriver/Errors.sys.mjs:337:5
webdriverClickElement@chrome://remote/content/marionette/interaction.sys.mjs:177:11
interaction.clickElement@chrome://remote/content/marionette/interaction.sys.mjs:136:11
clickElement@chrome://remote/content/marionette/actors/MarionetteCommandsChild.sys.mjs:205:29
receiveMessage@chrome://remote/content/marionette/actors/MarionetteCommandsChild.sys.mjs:85:31

2024-11-15 01:02:10,858 - INFO - \u041f\u0440\u043e\u0446\u0435\u0441\u0441 \u0437\u0430\u0432\u0435\u0440\u0448\u0435\u043d
